============================================================
MODE: Full execution (update + create)
============================================================

Phase 1: Updating existing locations...
Fetching existing storage locations from PartsBox...
Found 522 storage locations

============================================================
Batch 1/26: 20 locations
Progress: 0/520 updated
============================================================
Locations: CmpntCab3-H2, Stowaway1-B3, SMD-Box2-B9, CmpntCab4-G4, CmpntCab1-E1, ... and 15 more
✓ CmpntCab3-H2
✓ Stowaway1-B3
✓ SMD-Box2-B9
✓ CmpntCab4-G4
✓ CmpntCab1-E1
✓ Stowaway3-B1
✓ SMD-Box2-F1
✓ CmpntCab4-D1
✓ SMD-Box2-K9
✓ SMD-Box-B6
✓ SMD-Box-C1
✓ CmpntCab1-Drawer
✓ Stowaway1-C6
✓ CmpntCab1-D2
✓ SMD-Box2-H2
✓ Stowaway4-C2
✓ CmpntCab1-A1
✓ SMD-Box-E11
✓ SMD-Box-A2
✓ SMD-Box2-D6

============================================================
Batch 2/26: 20 locations
Progress: 20/520 updated
============================================================
Locations: SMD-Box2-K6, Stowaway4-D7, Stowaway4-A5, Stowaway2-C1, SMD-Box-C12, ... and 15 more
✓ SMD-Box2-K6
✓ Stowaway4-D7
✓ Stowaway4-A5
✓ Stowaway2-C1
✓ SMD-Box-C12
✓ Stowaway4-A6
✓ CmpntCab4-A3
✓ SMD-Box2-A8
✓ CmpntCab5-E3
✓ CmpntCab5-C1
✓ CmpntCab1-B2
✓ CmpntCab2-C3
✓ CmpntCab5-C4
✓ SMD-Box2-L1
✓ SMD-Box-H11
✓ CmpntCab4-C1
✓ CmpntCab1-B4
✓ SMD-Box2-I11
✓ CmpntCab1-H3
✓ SMD-Box2-C12

============================================================
Batch 3/26: 20 locations
Progress: 40/520 updated
============================================================
Locations: SMD-Box2-D10, SMD-Box2-G8, SMD-Box2-E7, SMD-Box2-C10, SMD-Box2-D12, ... and 15 more
✓ SMD-Box2-D10
✓ SMD-Box2-G8
✓ SMD-Box2-E7
✓ SMD-Box2-C10
✓ SMD-Box2-D12
✓ CmpntCab3-C3
✓ CmpntCab1-C4
✓ SMD-Box-A1
✓ Stowaway4-D3
✓ SMD-Box-B5
✓ Stowaway1-B4
✓ Stowaway3-C1
✓ CmpntCab2-D3
✓ SMD-Box2-B1
✓ Stowaway2-C4
✓ CmpntCab1-C2
✓ SMD-Box2-B10
✓ SMD-Box-J12
✓ SMD-Box2-I7
✓ Stowaway4-B1

============================================================
Batch 4/26: 20 locations
Progress: 60/520 updated
============================================================
Locations: CmpntCab4-G2, Stowaway1-B6, SMD-Box2-L5, SMD-Box-L3, SMD-Box2-L2, ... and 15 more
✓ CmpntCab4-G2
✓ Stowaway1-B6
✓ SMD-Box2-L5
✓ SMD-Box-L3
✓ SMD-Box2-L2
✓ SMD-Box2-D3
✓ SMD-Box-B2
✓ SMD-Box-B8
✓ SMD-Box-J7
✓ CmpntCab1-E2
✓ CmpntCab2-B4
✓ SMD-Box2-C5
✓ SMD-Box2-D11
✓ Stowaway1-D2
✓ SMD-Box2-E4
✓ CmpntCab5-H2
✓ SMD-Box-I12
✓ SMD-Box-D12
✓ Stowaway1-D4
✓ SMD-Box2-K10

============================================================
Batch 5/26: 20 locations
Progress: 80/520 updated
============================================================
Locations: SMD-Box-E2, SMD-Box-E5, Stowaway1-A2, SMD-Box2-F3, CmpntCab2-G1, ... and 15 more
✓ SMD-Box-E2
✓ SMD-Box-E5
✓ Stowaway1-A2
✓ SMD-Box2-F3
✓ CmpntCab2-G1
✓ SMD-Box2-L4
✓ SMD-Box2-D4
✓ SMD-Box-D11
✓ SMD-Box2-K2
✓ CmpntCab4-D2
✓ Stowaway4-B3
✓ SMD-Box-I10
✓ CmpntCab2-A2
✓ SMD-Box2-H5
✓ SMD-Box2-D5
✓ SMD-Box2-L12
✓ SMD-Box-A12
✓ SMD-Box2-E10
✓ SMD-Box2-I5
✓ SMD-Box-I6

============================================================
Batch 6/26: 20 locations
Progress: 100/520 updated
============================================================
Locations: SMD-Box-G9, SMD-Box-A10, Stowaway4-D1, CmpntCab1-C3, CmpntCab5-G3, ... and 15 more
✓ SMD-Box-G9
✓ SMD-Box-A10
✓ Stowaway4-D1
✓ CmpntCab1-C3
✓ CmpntCab5-G3
✓ SMD-Box2-A6
✓ CmpntCab3-H1
✓ CmpntCab4-B2
✓ Stowaway4-C7
✓ SMD-Box-G6
✓ SMD-Box2-L10
✓ SMD-Box-C4
✓ SMD-Box2-B3
✓ CmpntCab2-H1
✓ SMD-Box-K6
✓ CmpntCab3-G3
✓ SMD-Box2-J9
✓ CmpntCab3-E3
✓ SMD-Box-H8
✓ SMD-Box2-F12

============================================================
Batch 7/26: 20 locations
Progress: 120/520 updated
============================================================
Locations: SMD-Box-L5, CmpntCab2-F2, SMD-Box-H9, CmpntCab3-D2, SMD-Box-I2, ... and 15 more
✓ SMD-Box-L5
✓ CmpntCab2-F2
✓ SMD-Box-H9
✓ CmpntCab3-D2
✓ SMD-Box-I2
✓ CmpntCab5-A4
✓ Stowaway4-A4
✓ CmpntCab3-A2
✓ SMD-Box-C6
✓ CmpntCab2-C2
✓ CmpntCab4-D3
✓ SMD-Box2-C4
✓ SMD-Box2-B6
✓ SMD-Box2-K3
✓ CmpntCab5-B2
✓ Stowaway1-B5
✓ Stowaway1-A6
✓ CmpntCab2-A1
✓ SMD-Box-F1
✓ SMD-Box-D4

============================================================
Batch 8/26: 20 locations
Progress: 140/520 updated
============================================================
Locations: CmpntCab3-F3, CmpntCab1-F2, SMD-Box2-K8, CmpntCab2-B1, SMD-Box2-C9, ... and 15 more
✓ CmpntCab3-F3
✓ CmpntCab1-F2
✓ SMD-Box2-K8
✓ CmpntCab2-B1
✓ SMD-Box2-C9
✓ SMD-Box2-A12
✓ SMD-Box2-G1
✓ CmpntCab3-F2
✓ SMD-Box-G4
✓ SMD-Box2-I12
✓ SMD-Box2-A11
✓ CmpntCab3-B4
✓ CmpntCab3-A3
✓ SMD-Box2-K4
✓ SMD-Box-J4
✓ CmpntCab4-H4
✓ CmpntCab5-B1
✓ SMD-Box2-E3
✓ SMD-Box2-J5
✓ SMD-Box-E12

============================================================
Batch 9/26: 20 locations
Progress: 160/520 updated
============================================================
Locations: SMD-Box2-J6, Stowaway3-A1, SMD-Box2-G5, CmpntCab4-C2, CmpntCab3-A1, ... and 15 more
✓ SMD-Box2-J6
✓ Stowaway3-A1
✓ SMD-Box2-G5
✓ CmpntCab4-C2
✓ CmpntCab3-A1
✓ Stowaway4-A2
✓ CmpntCab3-B3
✓ SMD-Box2-A5
✓ SMD-Box-G2
✓ SMD-Box-D6
✓ SMD-Box-I7
✓ SMD-Box-C5
✓ CmpntCab2-F1
✓ SMD-Box-F12
✓ CmpntCab3-E4
✓ SMD-Box-D5
✓ SMD-Box-J8
✓ CmpntCab5-F1
✓ CmpntCab1-F3
✓ SMD-Box-F5

============================================================
Batch 10/26: 20 locations
Progress: 180/520 updated
============================================================
Locations: CmpntCab2-H4, CmpntCab1-E3, SMD-Box2-J1, CmpntCab1-H4, SMD-Box2-J8, ... and 15 more
✓ CmpntCab2-H4
✓ CmpntCab1-E3
✓ SMD-Box2-J1
✓ CmpntCab1-H4
✓ SMD-Box2-J8
✓ CmpntCab2-G2
✓ SMD-Box-B3
✓ SMD-Box-H4
✓ SMD-Box2-E9
✓ Stowaway1-D3
✓ Stowaway4-C3
✓ SMD-Box-J3
✓ CmpntCab4-G3
✓ SMD-Box2-F6
✓ SMD-Box2-H1
✓ CmpntCab2-B2
✓ CmpntCab3-G2
✓ SMD-Box-A4
✓ SMD-Box2-A3
✓ CmpntCab1-D4

============================================================
Batch 11/26: 20 locations
Progress: 200/520 updated
============================================================
Locations: SMD-Box-K3, CmpntCab4-A1, CmpntCab5-A2, SMD-Box-F10, SMD-Box2-H7, ... and 15 more
✓ SMD-Box-K3
✓ CmpntCab4-A1
✓ CmpntCab5-A2
✓ SMD-Box-F10
✓ SMD-Box2-H7
✓ SMD-Box2-G11
✓ Stowaway4-B2
✓ SMD-Box-A5
✓ SMD-Box-L1
✓ Stowaway3-B2
✓ Stowaway1-D1
✓ SMD-Box2-A9
✓ SMD-Box-F3
✓ SMD-Box2-B5
✓ SMD-Box2-G4
✓ SMD-Box-C11
✓ SMD-Box2-G7
✓ CmpntCab4-B4
✓ SMD-Box-J6
✓ SMD-Box-D9

============================================================
Batch 12/26: 20 locations
Progress: 220/520 updated
============================================================
Locations: CmpntCab3-D3, SMD-Box-L4, SMD-Box-I8, SMD-Box2-D8, SMD-Box-G8, ... and 15 more
✓ CmpntCab3-D3
✓ SMD-Box-L4
✓ SMD-Box-I8
✓ SMD-Box2-D8
✓ SMD-Box-G8
✓ CmpntCab4-B3
✓ SMD-Box2-K5
✓ SMD-Box2-J3
✓ SMD-Box2-I9
✓ SMD-Box-F2
✓ SMD-Box2-C11
✓ SMD-Box-H5
✓ SMD-Box2-C3
✓ CmpntCab5-G4
✓ CmpntCab3-C1
✓ Stowaway5-A2
✓ CmpntCab2-F4
✓ SMD-Box2-I2
✓ SMD-Box2-G6
✓ SMD-Box2-G2

============================================================
Batch 13/26: 20 locations
Progress: 240/520 updated
============================================================
Locations: CmpntCab1-E4, SMD-Box-H1, SMD-Box-A9, SMD-Box-I4, SMD-Box-G1, ... and 15 more
✓ CmpntCab1-E4
✓ SMD-Box-H1
✓ SMD-Box-A9
✓ SMD-Box-I4
✓ SMD-Box-G1
✓ SMD-Box2-E1
✓ SMD-Box-F7
✓ CmpntCab1-H2
✓ SMD-Box2-J4
✓ CmpntCab5-D3
✓ CmpntCab5-F4
✓ CmpntCab3-F4
✓ SMD-Box2-B12
✓ SMD-Box2-J12
✓ CmpntCab5-H4
✓ SMD-Box2-C8
✓ Stowaway4-A1
✓ Stowaway2-C3
✓ CmpntCab3-C2
✓ CmpntCab5-C2

============================================================
Batch 14/26: 20 locations
Progress: 260/520 updated
============================================================
Locations: SMD-Box-L8, SMD-Box2-F10, Stowaway1-B1, Stowaway1-B2, SMD-Box-B11, ... and 15 more
✓ SMD-Box-L8
✓ SMD-Box2-F10
✓ Stowaway1-B1
✓ Stowaway1-B2
✓ SMD-Box-B11
✓ CmpntCab1-B1
✓ CmpntCab5-B3
✓ Stowaway4-C5
✓ SMD-Box2-L6
✓ CmpntCab1-G2
✓ SMD-Box2-B7
✓ CmpntCab5-D2
✓ SMD-Box2-H12
✓ SMD-Box2-E12
✓ CmpntCab3-H3
✓ SMD-Box-D8
✓ SMD-Box2-A7
✓ SMD-Box2-H3
✓ CmpntCab4-A4
✓ CmpntCab5-B4

============================================================
Batch 15/26: 20 locations
Progress: 280/520 updated
============================================================
Locations: SMD-Box2-A1, SMD-Box2-F8, CmpntCab2-D4, SMD-Box2-C6, SMD-Box-D7, ... and 15 more
✓ SMD-Box2-A1
✓ SMD-Box2-F8
✓ CmpntCab2-D4
✓ SMD-Box2-C6
✓ SMD-Box-D7
✓ Stowaway4-D6
✓ SMD-Box-F4
✓ CmpntCab2-A3
✓ Stowaway1-C1
✓ Stowaway1-A1
✓ SMD-Box-E9
✓ SMD-Box-I3
✓ Stowaway1-A5
✓ SMD-Box-E4
✓ SMD-Box-L2
✓ SMD-Box-D3
✓ Stowaway3-C2
✓ SMD-Box-J2
✓ Stowaway4-A3
✓ CmpntCab3-B1

============================================================
Batch 16/26: 20 locations
Progress: 300/520 updated
============================================================
Locations: CmpntCab1-D3, Stowaway4-B4, SMD-Box-K2, SMD-Box2-F4, SMD-Box-B12, ... and 15 more
✓ CmpntCab1-D3
✓ Stowaway4-B4
✓ SMD-Box-K2
✓ SMD-Box2-F4
✓ SMD-Box-B12
✓ CmpntCab4-F2
✓ SMD-Box2-H10
✓ CmpntCab1-B3
✓ Stowaway2-A1
✓ SMD-Box-F8
✓ SMD-Box2-F11
✓ SMD-Box-K7
✓ SMD-Box-G11
✓ SMD-Box2-J10
✓ SMD-Box2-D7
✓ SMD-Box2-D9
✓ SMD-Box-F6
✓ SMD-Box-H6
✓ SMD-Box2-H6
✓ CmpntCab1-G1

============================================================
Batch 17/26: 20 locations
Progress: 320/520 updated
============================================================
Locations: SMD-Box-B1, CmpntCab1-F1, SMD-Box2-I4, SMD-Box-K10, CmpntCab4-E2, ... and 15 more
✓ SMD-Box-B1
✓ CmpntCab1-F1
✓ SMD-Box2-I4
✓ SMD-Box-K10
✓ CmpntCab4-E2
✓ SMD-Box-J11
✓ SMD-Box-E10
✓ Stowaway2-D1
✓ SMD-Box2-C2
✓ CmpntCab1-A3
✓ SMD-Box-E3
✓ CmpntCab1-F4
✓ CmpntCab3-E1
✓ SMD-Box2-G3
✓ SMD-Box2-I6
✓ Stowaway3-B3
✓ Stowaway2-B1
✓ SMD-Box2-J11
✓ SMD-Box-E8
✓ SMD-Box-L9

============================================================
Batch 18/26: 20 locations
Progress: 340/520 updated
============================================================
Locations: SMD-Box-H7, CmpntCab5-C3, SMD-Box-C10, SMD-Box-H2, SMD-Box-B7, ... and 15 more
✓ SMD-Box-H7
✓ CmpntCab5-C3
✓ SMD-Box-C10
✓ SMD-Box-H2
✓ SMD-Box-B7
✓ Stowaway1-A3
✓ Stowaway4-B5
✓ CmpntCab3-H4
✓ SMD-Box2-B4
✓ SMD-Box-D10
✓ CmpntCab2-Drawer
✓ CmpntCab2-C4
✓ CmpntCab1-G4
✓ CmpntCab5-A1
✓ SMD-Box-K9
✓ SMD-Box-K5
✓ CmpntCab5-D4
✓ CmpntCab4-H1
✓ SMD-Box2-A4
✓ SMD-Box-K8

============================================================
Batch 19/26: 20 locations
Progress: 360/520 updated
============================================================
Locations: SMD-Box-K12, SMD-Box-J5, Stowaway1-D6, Stowaway1-C3, Stowaway4-D2, ... and 15 more
✓ SMD-Box-K12
✓ SMD-Box-J5
✓ Stowaway1-D6
✓ Stowaway1-C3
✓ Stowaway4-D2
✓ SMD-Box-D2
✓ SMD-Box2-G10
✓ SMD-Box-I5
✓ CmpntCab5-F2
✓ SMD-Box2-L11
✓ CmpntCab1-A2
✓ CmpntCab4-F3
✓ Stowaway2-B2
✓ SMD-Box-H3
✓ SMD-Box2-E6
✓ CmpntCab5-F3
✓ SMD-Box2-K12
✓ SMD-Box2-D1
✓ CmpntCab5-Drawer
✓ CmpntCab5-D1

============================================================
Batch 20/26: 20 locations
Progress: 380/520 updated
============================================================
Locations: SMD-Box-H12, SMD-Box2-B2, SMD-Box2-F5, CmpntCab3-A4, SMD-Box-C8, ... and 15 more
✓ SMD-Box-H12
✓ SMD-Box2-B2
✓ SMD-Box2-F5
✓ CmpntCab3-A4
✓ SMD-Box-C8
✓ SMD-Box2-A2
✓ SMD-Box2-C1
✓ SMD-Box2-L8
✓ SMD-Box-G3
✓ CmpntCab1-C1
✓ CmpntCab2-G3
✓ SMD-Box-B9
✓ CmpntCab3-E2
✓ CmpntCab4-A2
✓ SMD-Box-L10
✓ SMD-Box-K1
✓ CmpntCab4-C4
✓ SMD-Box-G7
✓ SMD-Box2-B11
✓ SMD-Box2-E2

============================================================
Batch 21/26: 20 locations
Progress: 400/520 updated
============================================================
Locations: CmpntCab3-G1, SMD-Box-E6, CmpntCab4-Drawer, SMD-Box2-K1, CmpntCab5-H3, ... and 15 more
✓ CmpntCab3-G1
✓ SMD-Box-E6
✓ CmpntCab4-Drawer
✓ SMD-Box2-K1
✓ CmpntCab5-H3
✓ SMD-Box-A3
✓ SMD-Box2-J2
✓ CmpntCab5-G1
✓ CmpntCab5-G2
✓ SMD-Box2-E8
✓ CmpntCab2-E2
✓ SMD-Box-A11
✓ Stowaway4-C1
✓ SMD-Box2-J7
✓ CmpntCab2-E1
✓ SMD-Box-L12
✓ SMD-Box-E7
✓ CmpntCab2-B3
✓ CmpntCab4-B1
✓ CmpntCab2-F3

============================================================
Batch 22/26: 20 locations
Progress: 420/520 updated
============================================================
Locations: CmpntCab3-F1, CmpntCab3-G4, SMD-Box-G10, SMD-Box2-E5, SMD-Box2-F9, ... and 15 more
✓ CmpntCab3-F1
✓ CmpntCab3-G4
✓ SMD-Box-G10
✓ SMD-Box2-E5
✓ SMD-Box2-F9
✓ CmpntCab4-E4
✓ SMD-Box2-H11
✓ SMD-Box-B10
✓ SMD-Box2-I8
✓ CmpntCab3-Drawer
✓ Stowaway1-C4
✓ SMD-Box2-K11
✓ SMD-Box2-L3
✓ CmpntCab2-C1
✓ SMD-Box-L6
✓ Stowaway2-A3
✓ CmpntCab3-B2
✓ SMD-Box-J9
✓ SMD-Box-C2
✓ SMD-Box-C3

============================================================
Batch 23/26: 20 locations
Progress: 440/520 updated
============================================================
Locations: SMD-Box-H10, Stowaway1-C5, CmpntCab4-F4, SMD-Box2-I1, CmpntCab4-G1, ... and 15 more
✓ SMD-Box-H10
✓ Stowaway1-C5
✓ CmpntCab4-F4
✓ SMD-Box2-I1
✓ CmpntCab4-G1
✓ SMD-Box2-C7
✓ CmpntCab3-D1
✓ Stowaway2-C2
✓ CmpntCab4-C3
✓ SMD-Box-E1
✓ SMD-Box-C7
✓ Stowaway4-C4
✓ SMD-Box-F9
✓ CmpntCab4-D4
✓ SMD-Box-J1
✓ CmpntCab4-E1
✓ Stowaway4-D4
✓ SMD-Box-C9
✓ CmpntCab5-E2
✓ SMD-Box2-H9

============================================================
Batch 24/26: 20 locations
Progress: 460/520 updated
============================================================
Locations: CmpntCab5-E1, CmpntCab2-H3, CmpntCab5-E4, SMD-Box-I1, SMD-Box2-D2, ... and 15 more
✓ CmpntCab5-E1
✓ CmpntCab2-H3
✓ CmpntCab5-E4
✓ SMD-Box-I1
✓ SMD-Box2-D2
✓ SMD-Box-J10
✓ Stowaway2-A2
✓ SMD-Box-L7
✓ SMD-Box2-G9
✓ CmpntCab5-A3
✓ Stowaway1-D5
✓ SMD-Box2-I10
✓ SMD-Box2-B8
✓ CmpntCab2-E4
✓ CmpntCab2-G4
✓ SMD-Box-A8
✓ CmpntCab4-F1
✓ CmpntCab2-D2
✓ CmpntCab3-C4
✓ SMD-Box2-F7

============================================================
Batch 25/26: 20 locations
Progress: 480/520 updated
============================================================
Locations: CmpntCab2-H2, SMD-Box2-E11, Stowaway1-C2, SMD-Box2-F2, SMD-Box-A7, ... and 15 more
✓ CmpntCab2-H2
✓ SMD-Box2-E11
✓ Stowaway1-C2
✓ SMD-Box2-F2
✓ SMD-Box-A7
✓ SMD-Box-F11
✓ SMD-Box2-L7
✓ CmpntCab4-E3
✓ SMD-Box-G12
✓ SMD-Box-K4
✓ SMD-Box2-K7
✓ Stowaway5-A1
✓ SMD-Box-G5
✓ CmpntCab2-A4
✓ SMD-Box-K11
✓ Stowaway4-D5
✓ SMD-Box-B4
✓ SMD-Box2-H8
✓ CmpntCab4-H3
✓ SMD-Box2-H4

============================================================
Batch 26/26: 20 locations
Progress: 500/520 updated
============================================================
Locations: SMD-Box-L11, SMD-Box-I11, CmpntCab1-H1, SMD-Box-I9, CmpntCab1-A4, ... and 15 more
✓ SMD-Box-L11
✓ SMD-Box-I11
✓ CmpntCab1-H1
✓ SMD-Box-I9
✓ CmpntCab1-A4
✓ SMD-Box2-G12
✓ SMD-Box2-L9
✓ SMD-Box-A6
✓ CmpntCab5-H1
✓ CmpntCab4-H2
✓ SMD-Box-D1
✓ CmpntCab3-D4
✓ SMD-Box2-A10
✓ Stowaway4-C6
✓ CmpntCab2-D1
✓ SMD-Box2-I3
✓ Stowaway1-A4
✓ CmpntCab1-D1
✓ CmpntCab1-G3
✓ CmpntCab2-E3

Phase 2: Creating new locations...

============================================================
Batch 1/8: 20 new locations
Progress: 0/144 created
============================================================
Locations: SMD-ESD-Box1-A1, SMD-ESD-Box1-A2, SMD-ESD-Box1-A3, SMD-ESD-Box1-A4, SMD-ESD-Box1-A5, ... and 15 more
✓ SMD-ESD-Box1-A1
✓ SMD-ESD-Box1-A2
✓ SMD-ESD-Box1-A3
✓ SMD-ESD-Box1-A4
✓ SMD-ESD-Box1-A5
✓ SMD-ESD-Box1-A6
✓ SMD-ESD-Box1-A7
✓ SMD-ESD-Box1-A8
✓ SMD-ESD-Box1-A9
✓ SMD-ESD-Box1-A10
✓ SMD-ESD-Box1-A11
✓ SMD-ESD-Box1-A12
✓ SMD-ESD-Box1-B1
✓ SMD-ESD-Box1-B2
✓ SMD-ESD-Box1-B3
✓ SMD-ESD-Box1-B4
✓ SMD-ESD-Box1-B5
✓ SMD-ESD-Box1-B6
✓ SMD-ESD-Box1-B7
✓ SMD-ESD-Box1-B8

============================================================
Batch 2/8: 20 new locations
Progress: 20/144 created
============================================================
Locations: SMD-ESD-Box1-B9, SMD-ESD-Box1-B10, SMD-ESD-Box1-B11, SMD-ESD-Box1-B12, SMD-ESD-Box1-C1, ... and 15 more
✓ SMD-ESD-Box1-B9
✓ SMD-ESD-Box1-B10
✓ SMD-ESD-Box1-B11
✓ SMD-ESD-Box1-B12
✓ SMD-ESD-Box1-C1
✓ SMD-ESD-Box1-C2
✓ SMD-ESD-Box1-C3
✓ SMD-ESD-Box1-C4
✓ SMD-ESD-Box1-C5
✓ SMD-ESD-Box1-C6
✓ SMD-ESD-Box1-C7
✓ SMD-ESD-Box1-C8
✓ SMD-ESD-Box1-C9
✓ SMD-ESD-Box1-C10
✓ SMD-ESD-Box1-C11
✓ SMD-ESD-Box1-C12
✓ SMD-ESD-Box1-D1
✓ SMD-ESD-Box1-D2
✓ SMD-ESD-Box1-D3
✓ SMD-ESD-Box1-D4

============================================================
Batch 3/8: 20 new locations
Progress: 40/144 created
============================================================
Locations: SMD-ESD-Box1-D5, SMD-ESD-Box1-D6, SMD-ESD-Box1-D7, SMD-ESD-Box1-D8, SMD-ESD-Box1-D9, ... and 15 more
✓ SMD-ESD-Box1-D5
✓ SMD-ESD-Box1-D6
✓ SMD-ESD-Box1-D7
✓ SMD-ESD-Box1-D8
✓ SMD-ESD-Box1-D9
✓ SMD-ESD-Box1-D10
✓ SMD-ESD-Box1-D11
✓ SMD-ESD-Box1-D12
✓ SMD-ESD-Box1-E1
✓ SMD-ESD-Box1-E2
✓ SMD-ESD-Box1-E3
✓ SMD-ESD-Box1-E4
✓ SMD-ESD-Box1-E5
✓ SMD-ESD-Box1-E6
✓ SMD-ESD-Box1-E7
✓ SMD-ESD-Box1-E8
✓ SMD-ESD-Box1-E9
✓ SMD-ESD-Box1-E10
✓ SMD-ESD-Box1-E11
✓ SMD-ESD-Box1-E12

============================================================
Batch 4/8: 20 new locations
Progress: 60/144 created
============================================================
Locations: SMD-ESD-Box1-F1, SMD-ESD-Box1-F2, SMD-ESD-Box1-F3, SMD-ESD-Box1-F4, SMD-ESD-Box1-F5, ... and 15 more
✓ SMD-ESD-Box1-F1
✓ SMD-ESD-Box1-F2
✓ SMD-ESD-Box1-F3
✓ SMD-ESD-Box1-F4
✓ SMD-ESD-Box1-F5
✓ SMD-ESD-Box1-F6
✓ SMD-ESD-Box1-F7
✓ SMD-ESD-Box1-F8
✓ SMD-ESD-Box1-F9
✓ SMD-ESD-Box1-F10
✓ SMD-ESD-Box1-F11
✓ SMD-ESD-Box1-F12
✓ SMD-ESD-Box1-G1
✓ SMD-ESD-Box1-G2
✓ SMD-ESD-Box1-G3
✓ SMD-ESD-Box1-G4
✓ SMD-ESD-Box1-G5
✓ SMD-ESD-Box1-G6
✓ SMD-ESD-Box1-G7
✓ SMD-ESD-Box1-G8

============================================================
Batch 5/8: 20 new locations
Progress: 80/144 created
============================================================
Locations: SMD-ESD-Box1-G9, SMD-ESD-Box1-G10, SMD-ESD-Box1-G11, SMD-ESD-Box1-G12, SMD-ESD-Box1-H1, ... and 15 more
✓ SMD-ESD-Box1-G9
✓ SMD-ESD-Box1-G10
✓ SMD-ESD-Box1-G11
✓ SMD-ESD-Box1-G12
✓ SMD-ESD-Box1-H1
✓ SMD-ESD-Box1-H2
✓ SMD-ESD-Box1-H3
✓ SMD-ESD-Box1-H4
✓ SMD-ESD-Box1-H5
✓ SMD-ESD-Box1-H6
✓ SMD-ESD-Box1-H7
✓ SMD-ESD-Box1-H8
✓ SMD-ESD-Box1-H9
✓ SMD-ESD-Box1-H10
✓ SMD-ESD-Box1-H11
✓ SMD-ESD-Box1-H12
✓ SMD-ESD-Box1-I1
✓ SMD-ESD-Box1-I2
✓ SMD-ESD-Box1-I3
✓ SMD-ESD-Box1-I4

============================================================
Batch 6/8: 20 new locations
Progress: 100/144 created
============================================================
Locations: SMD-ESD-Box1-I5, SMD-ESD-Box1-I6, SMD-ESD-Box1-I7, SMD-ESD-Box1-I8, SMD-ESD-Box1-I9, ... and 15 more
✓ SMD-ESD-Box1-I5
✓ SMD-ESD-Box1-I6
✓ SMD-ESD-Box1-I7
✓ SMD-ESD-Box1-I8
✓ SMD-ESD-Box1-I9
✓ SMD-ESD-Box1-I10
✓ SMD-ESD-Box1-I11
✓ SMD-ESD-Box1-I12
✓ SMD-ESD-Box1-J1
✓ SMD-ESD-Box1-J2
✓ SMD-ESD-Box1-J3
✓ SMD-ESD-Box1-J4
✓ SMD-ESD-Box1-J5
✓ SMD-ESD-Box1-J6
✓ SMD-ESD-Box1-J7
✓ SMD-ESD-Box1-J8
✓ SMD-ESD-Box1-J9
✓ SMD-ESD-Box1-J10
✓ SMD-ESD-Box1-J11
✓ SMD-ESD-Box1-J12

============================================================
Batch 7/8: 20 new locations
Progress: 120/144 created
============================================================
Locations: SMD-ESD-Box1-K1, SMD-ESD-Box1-K2, SMD-ESD-Box1-K3, SMD-ESD-Box1-K4, SMD-ESD-Box1-K5, ... and 15 more
✓ SMD-ESD-Box1-K1
✓ SMD-ESD-Box1-K2
✓ SMD-ESD-Box1-K3
✓ SMD-ESD-Box1-K4
✓ SMD-ESD-Box1-K5
✓ SMD-ESD-Box1-K6
✓ SMD-ESD-Box1-K7
✓ SMD-ESD-Box1-K8
✓ SMD-ESD-Box1-K9
✓ SMD-ESD-Box1-K10
✓ SMD-ESD-Box1-K11
✓ SMD-ESD-Box1-K12
✓ SMD-ESD-Box1-L1
✓ SMD-ESD-Box1-L2
✓ SMD-ESD-Box1-L3
✓ SMD-ESD-Box1-L4
✓ SMD-ESD-Box1-L5
✓ SMD-ESD-Box1-L6
✓ SMD-ESD-Box1-L7
✓ SMD-ESD-Box1-L8

============================================================
Batch 8/8: 4 new locations
Progress: 140/144 created
============================================================
Locations: SMD-ESD-Box1-L9, SMD-ESD-Box1-L10, SMD-ESD-Box1-L11, SMD-ESD-Box1-L12
✓ SMD-ESD-Box1-L9
✓ SMD-ESD-Box1-L10
✓ SMD-ESD-Box1-L11
✓ SMD-ESD-Box1-L12

============================================================
FINAL RESULTS
============================================================
Updates - Success: 520, Failed: 0, Skipped: 0
Creates - Success: 144, Failed: 0, Skipped: 0
